<?xml version="1.0" encoding="UTF-8"?>
<!-- Generated by org.testng.reporters.JUnitReportReporter -->
<testsuite hostname="TYSS-Monika" failures="0" tests="6" name="TestNg_Parallel_testing.Paralel_testing" time="0.115" errors="0" timestamp="2024-09-16T11:07:28 IST" skipped="0">
  <testcase classname="TestNg_Parallel_testing.Paralel_testing" name="testlogo" time="0.026"/>
  <system-out/>
  <testcase classname="TestNg_Parallel_testing.Paralel_testing" name="testlogo" time="0.057"/>
  <system-out/>
  <testcase classname="TestNg_Parallel_testing.Paralel_testing" name="testitle" time="0.007"/>
  <system-out/>
  <testcase classname="TestNg_Parallel_testing.Paralel_testing" name="testitle" time="0.010"/>
  <system-out/>
  <testcase classname="TestNg_Parallel_testing.Paralel_testing" name="testurl" time="0.009"/>
  <system-out/>
  <testcase classname="TestNg_Parallel_testing.Paralel_testing" name="testurl" time="0.006"/>
  <system-out/>
</testsuite> <!-- TestNg_Parallel_testing.Paralel_testing -->
