<?xml version="1.0" encoding="UTF-8"?>
<!-- Generated by org.testng.reporters.JUnitReportReporter -->
<testsuite hostname="TYSS-Monika" failures="0" tests="1" name="Pom_Package.logintest" time="1.724" errors="0" timestamp="2024-09-17T12:41:16 IST" skipped="0">
  <testcase classname="Pom_Package.logintest" name="testlogi" time="1.724"/>
  <system-out/>
</testsuite> <!-- Pom_Package.logintest -->
