<?xml version="1.0" encoding="UTF-8"?>
<!-- Generated by org.testng.reporters.JUnitReportReporter -->
<testsuite hostname="TYSS-Monika" failures="0" tests="2" name="TAll_annotations3.All_Annotations" time="0.025" errors="0" timestamp="2024-07-15T13:40:15 IST" skipped="0">
  <testcase classname="TAll_annotations3.All_Annotations" name="tm1" time="0.019"/>
  <system-out/>
  <testcase classname="TAll_annotations3.All_Annotations" name="tm2" time="0.006"/>
  <system-out/>
</testsuite> <!-- TAll_annotations3.All_Annotations -->
