<?xml version="1.0" encoding="UTF-8"?>
<!-- Generated by org.testng.reporters.JUnitReportReporter -->
<testsuite hostname="TYSS-Monika" failures="0" tests="1" name="testclass_pckg.Annotation_c1" time="0.007" errors="0" timestamp="2024-07-05T16:13:58 IST" skipped="0">
  <testcase classname="testclass_pckg.Annotation_c1" name="abc" time="0.007"/>
  <system-out/>
</testsuite> <!-- testclass_pckg.Annotation_c1 -->
