<?xml version="1.0" encoding="UTF-8"?>
<!-- Generated by org.testng.reporters.JUnitReportReporter -->
<testsuite hostname="TYSS-Monika" failures="0" tests="3" name="Testng_PAck.Testng1" time="0.022" errors="0" timestamp="2024-07-04T11:28:42 IST" skipped="0">
  <testcase classname="Testng_PAck.Testng1" name="logout" time="0.015"/>
  <system-out/>
  <testcase classname="Testng_PAck.Testng1" name="login" time="0.003"/>
  <system-out/>
  <testcase classname="Testng_PAck.Testng1" name="open" time="0.004"/>
  <system-out/>
</testsuite> <!-- Testng_PAck.Testng1 -->
