<?xml version="1.0" encoding="UTF-8"?>
<!-- Generated by org.testng.reporters.JUnitReportReporter -->
<testsuite hostname="TYSS-Monika" failures="0" tests="4" name="Testng_PAck.Orange_HRM" time="6.978" errors="0" timestamp="2024-07-04T11:36:58 IST" skipped="0">
  <testcase classname="Testng_PAck.Orange_HRM" name="openapp" time="5.988"/>
  <system-out/>
  <testcase classname="Testng_PAck.Orange_HRM" name="logo" time="0.420"/>
  <system-out/>
  <testcase classname="Testng_PAck.Orange_HRM" name="login" time="0.406"/>
  <system-out/>
  <testcase classname="Testng_PAck.Orange_HRM" name="close" time="0.164"/>
  <system-out/>
</testsuite> <!-- Testng_PAck.Orange_HRM -->
