<?xml version="1.0" encoding="UTF-8"?>
<!-- Generated by org.testng.reporters.JUnitReportReporter -->
<testsuite hostname="TYSS-Monika" failures="0" tests="2" name="Testng_Grouping.Paymenttest" time="0.017" errors="0" timestamp="2024-07-23T17:05:36 IST" skipped="0">
  <testcase classname="Testng_Grouping.Paymenttest" name="paymentinrs" time="0.016"/>
  <system-out/>
  <testcase classname="Testng_Grouping.Paymenttest" name="paymentindollars" time="0.001"/>
  <system-out/>
</testsuite> <!-- Testng_Grouping.Paymenttest -->
