<?xml version="1.0" encoding="UTF-8"?>
<!-- Generated by org.testng.reporters.JUnitReportReporter -->
<testsuite hostname="TYSS-Monika" failures="0" tests="1" name="Testng_Pk2_annotations.C1" time="0.009" errors="0" timestamp="2024-09-12T11:50:22 IST" skipped="0">
  <testcase classname="Testng_Pk2_annotations.C1" name="abc" time="0.009"/>
  <system-out/>
</testsuite> <!-- Testng_Pk2_annotations.C1 -->
