<?xml version="1.0" encoding="UTF-8"?>
<!-- Generated by org.testng.reporters.JUnitReportReporter -->
<testsuite hostname="TYSS-Monika" failures="0" tests="1" name="Testng_PAck.Annotation_c1" time="0.007" errors="0" timestamp="2024-07-05T15:28:31 IST" skipped="0">
  <testcase classname="Testng_PAck.Annotation_c1" name="abc" time="0.007"/>
  <system-out/>
</testsuite> <!-- Testng_PAck.Annotation_c1 -->
