<?xml version="1.0" encoding="UTF-8"?>
<!-- Generated by org.testng.reporters.JUnitReportReporter -->
<testsuite hostname="TYSS-Monika" failures="0" tests="3" name="Testng_Pk2.C1" time="0.005" errors="0" timestamp="2024-07-15T13:14:41 IST" skipped="0">
  <testcase classname="Testng_Pk2.C1" name="abc" time="0.004"/>
  <system-out/>
  <testcase classname="Testng_Pk2.C1" name="abc" time="0.000"/>
  <system-out/>
  <testcase classname="Testng_Pk2.C1" name="abc" time="0.001"/>
  <system-out/>
</testsuite> <!-- Testng_Pk2.C1 -->
