<?xml version="1.0" encoding="UTF-8"?>
<!-- Generated by org.testng.reporters.JUnitReportReporter -->
<testsuite hostname="TYSS-Monika" failures="0" tests="1" name="Testng_PAck.Testng_dependencies" time="0.016" errors="0" timestamp="2024-07-30T11:41:05 IST" skipped="0">
  <testcase classname="Testng_PAck.Testng_dependencies" name="openapp" time="0.016"/>
  <system-out/>
</testsuite> <!-- Testng_PAck.Testng_dependencies -->
