<?xml version="1.0" encoding="UTF-8"?>
<!-- Generated by org.testng.reporters.JUnitReportReporter -->
<testsuite hostname="TYSS-Monika" failures="0" tests="3" name="Testng_Grouping.logintests" time="0.025" errors="0" timestamp="2024-09-13T15:25:19 IST" skipped="0">
  <testcase classname="Testng_Grouping.logintests" name="loginbymail" time="0.019"/>
  <system-out/>
  <testcase classname="Testng_Grouping.logintests" name="loginbyfb" time="0.003"/>
  <system-out/>
  <testcase classname="Testng_Grouping.logintests" name="loginbytwitter" time="0.003"/>
  <system-out/>
</testsuite> <!-- Testng_Grouping.logintests -->
