<?xml version="1.0" encoding="UTF-8"?>
<!-- Generated by org.testng.reporters.JUnitReportReporter -->
<testsuite hostname="TYSS-Monika" failures="0" tests="2" name="Testng_PAck.Annotation_demo2" time="0.009" errors="0" timestamp="2024-07-15T11:55:59 IST" skipped="0">
  <testcase classname="Testng_PAck.Annotation_demo2" name="search" time="0.008"/>
  <system-out/>
  <testcase classname="Testng_PAck.Annotation_demo2" name="advanc" time="0.001"/>
  <system-out/>
</testsuite> <!-- Testng_PAck.Annotation_demo2 -->
