<?xml version="1.0" encoding="UTF-8"?>
<!-- Generated by org.testng.reporters.JUnitReportReporter -->
<testsuite hostname="TYSS-Monika" failures="0" tests="1" name="Testng_PAck.Assertion1" time="0.006" errors="0" timestamp="2024-09-20T13:16:21 IST" skipped="0">
  <testcase classname="Testng_PAck.Assertion1" name="testTItle" time="0.006"/>
  <system-out/>
</testsuite> <!-- Testng_PAck.Assertion1 -->
