<?xml version="1.0" encoding="UTF-8"?>
<!-- Generated by org.testng.reporters.JUnitReportReporter -->
<testsuite hostname="TYSS-Monika" failures="0" tests="2" name="Testng_Dataprovider.dataprovider_demo" time="14.901" errors="0" timestamp="2024-09-19T15:37:33 IST" skipped="0">
  <testcase classname="Testng_Dataprovider.dataprovider_demo" name="testlogin" time="7.835"/>
  <system-out/>
  <testcase classname="Testng_Dataprovider.dataprovider_demo" name="testlogin" time="7.066"/>
  <system-out/>
</testsuite> <!-- Testng_Dataprovider.dataprovider_demo -->
