<?xml version="1.0" encoding="UTF-8"?>
<!-- Generated by org.testng.reporters.JUnitReportReporter -->
<testsuite hostname="TYSS-Monika" failures="0" tests="3" name="Testng_PAck.exe1" time="0.010" errors="0" timestamp="2024-07-15T11:56:24 IST" skipped="0">
  <testcase classname="Testng_PAck.exe1" name="logout" time="0.008"/>
  <system-out/>
  <testcase classname="Testng_PAck.exe1" name="login" time="0.001"/>
  <system-out/>
  <testcase classname="Testng_PAck.exe1" name="open" time="0.001"/>
  <system-out/>
</testsuite> <!-- Testng_PAck.exe1 -->
