<?xml version="1.0" encoding="UTF-8"?>
<!-- Generated by org.testng.reporters.JUnitReportReporter -->
<testsuite hostname="TYSS-Monika" failures="0" tests="3" name="Testng_Pk2.C3" time="0.004" errors="0" timestamp="2024-07-15T13:14:41 IST" skipped="0">
  <testcase classname="Testng_Pk2.C3" name="pqr" time="0.001"/>
  <system-out/>
  <testcase classname="Testng_Pk2.C3" name="pqr" time="0.002"/>
  <system-out/>
  <testcase classname="Testng_Pk2.C3" name="pqr" time="0.001"/>
  <system-out/>
</testsuite> <!-- Testng_Pk2.C3 -->
