<?xml version="1.0" encoding="UTF-8"?>
<!-- Generated by org.testng.reporters.JUnitReportReporter -->
<testsuite hostname="TYSS-Monika" failures="0" tests="2" name="Testng_PAck.Annotationdemo1" time="0.015" errors="0" timestamp="2024-07-15T11:26:47 IST" skipped="0">
  <testcase classname="Testng_PAck.Annotationdemo1" name="search" time="0.006"/>
  <system-out/>
  <testcase classname="Testng_PAck.Annotationdemo1" name="advanc" time="0.009"/>
  <system-out/>
</testsuite> <!-- Testng_PAck.Annotationdemo1 -->
