<?xml version="1.0" encoding="UTF-8"?>
<!-- Generated by org.testng.reporters.JUnitReportReporter -->
<testsuite hostname="TYSS-Monika" failures="0" tests="3" name="Testng_Grouping.signuptest" time="0.008" errors="0" timestamp="2024-07-17T10:38:45 IST" skipped="0">
  <testcase classname="Testng_Grouping.signuptest" name="signupbyemail" time="0.006"/>
  <system-out/>
  <testcase classname="Testng_Grouping.signuptest" name="signupbyfb" time="0.001"/>
  <system-out/>
  <testcase classname="Testng_Grouping.signuptest" name="signupbytwitter" time="0.001"/>
  <system-out/>
</testsuite> <!-- Testng_Grouping.signuptest -->
